<?xml version="1.0" encoding="UTF-8"?>
<!-- Generated by org.testng.reporters.JUnitXMLReporter -->
<testsuite hostname="DESKTOP-V9Q296R" ignored="0" name="Command line test" tests="4" failures="0" timestamp="20 May 2018 07:29:05 GMT" time="106.777" errors="0">
  <testcase name="@BeforeMethod setUp" time="0.001" classname="com.amazon.test1.HomePageTest">
    <failure type="java.lang.NullPointerException">
      <![CDATA[java.lang.NullPointerException
at com.amazon.test1.HomePageTest.setUp(HomePageTest.java:23)
... Removed 38 stack frames]]>
    </failure>
  </testcase> <!-- @BeforeMethod setUp -->
  <testcase name="@AfterMethod tearDown" time="0.0" classname="com.amzon.generic.BaseClass">
    <skipped/>
  </testcase> <!-- @AfterMethod tearDown -->
  <testcase name="@BeforeClass loginBeforeTest" time="0.0" classname="com.amzon.generic.BaseClass">
    <skipped/>
  </testcase> <!-- @BeforeClass loginBeforeTest -->
  <testcase name="@BeforeMethod TimeBeforeMethod" time="0.0" classname="com.amzon.generic.BaseClass">
    <skipped/>
  </testcase> <!-- @BeforeMethod TimeBeforeMethod -->
  <testcase name="@AfterMethod tearDown" time="0.0" classname="com.amzon.generic.BaseClass">
    <skipped/>
  </testcase> <!-- @AfterMethod tearDown -->
  <testcase name="verifyContactPage" time="32.465" classname="com.amazon.test1.ContactsTest"/>
  <testcase name="CrmLoginToApp" time="23.465" classname="com.amazon.test1.CrmTest"/>
  <testcase name="verifyPageTitle" time="0.0" classname="com.amazon.test1.HomePageTest">
    <skipped/>
  </testcase> <!-- verifyPageTitle -->
  <testcase name="LoginApp" time="0.0" classname="com.amazon.test1.MyAccountPageTest">
    <skipped/>
  </testcase> <!-- LoginApp -->
</testsuite> <!-- Command line test -->
