<?xml version="1.0" encoding="UTF-8" ?>
<testsuite tests="9" failures="1" name="TestSuite" time="326.61" errors="0" skipped="6">
  <properties>
[...]
</properties>
  <testcase classname="com.amazon.test1.ContactsTest" name="verifyContactPage" time="32.467"/>
  <testcase classname="com.amazon.test1.CrmTest" name="CrmLoginToApp" time="23.465"/>
  <testcase classname="com.amazon.test1.HomePageTest" name="setUp" time="38.666">
    <failure type="java.lang.NullPointerException">java.lang.NullPointerException
	at com.amazon.test1.HomePageTest.setUp(HomePageTest.java:23)
</failure>
    <system-out>Run something
</system-out>
    <system-err>Starting ChromeDriver 2.36.540470 (e522d04694c7ebea4ba8821272dbef4f9b818c91) on port 39168
Only local connections are allowed.
May 20, 2018 12:58:54 PM org.openqa.selenium.remote.ProtocolHandshake createSession
INFO: Detected dialect: OSS
</system-err>
  </testcase>
  <testcase classname="com.amazon.test1.HomePageTest" name="verifyPageTitle" time="38.667">
    <skipped/>
  </testcase>
  <testcase classname="com.amazon.test1.HomePageTest" name="tearDown" time="38.669">
    <skipped/>
  </testcase>
  <testcase classname="com.amazon.test1.MyAccountPageTest" name="loginBeforeTest" time="38.669">
    <skipped/>
  </testcase>
  <testcase classname="com.amazon.test1.MyAccountPageTest" name="TimeBeforeMethod" time="38.669">
    <skipped/>
  </testcase>
  <testcase classname="com.amazon.test1.MyAccountPageTest" name="LoginApp" time="38.669">
    <skipped/>
  </testcase>
  <testcase classname="com.amazon.test1.MyAccountPageTest" name="tearDown" time="38.669">
    <skipped/>
  </testcase>
</testsuite>