<?xml version="1.0" encoding="UTF-8"?>
<testng-results skipped="2" failed="0" ignored="0" total="4" passed="2">
  <reporter-output>
  </reporter-output>
  <suite name="Command line suite" duration-ms="106777" started-at="2018-05-20T07:27:18Z" finished-at="2018-05-20T07:29:05Z">
    <groups>
    </groups>
    <test name="Command line test" duration-ms="106777" started-at="2018-05-20T07:27:18Z" finished-at="2018-05-20T07:29:05Z">
      <class name="com.amazon.test1.ContactsTest">
        <test-method status="PASS" signature="loginBeforeTest()[pri:0, instance:com.amazon.test1.ContactsTest@68837a77]" name="loginBeforeTest" is-config="true" duration-ms="21317" started-at="2018-05-20T07:27:18Z" finished-at="2018-05-20T07:27:40Z">
          <reporter-output>
          </reporter-output>
        </test-method> <!-- loginBeforeTest -->
        <test-method status="PASS" signature="TimeBeforeMethod()[pri:0, instance:com.amazon.test1.ContactsTest@68837a77]" name="TimeBeforeMethod" is-config="true" duration-ms="17" started-at="2018-05-20T07:27:40Z" finished-at="2018-05-20T07:27:40Z">
          <reporter-output>
          </reporter-output>
        </test-method> <!-- TimeBeforeMethod -->
        <test-method status="PASS" signature="verifyContactPage()[pri:0, instance:com.amazon.test1.ContactsTest@68837a77]" name="verifyContactPage" duration-ms="32465" started-at="2018-05-20T07:27:40Z" finished-at="2018-05-20T07:28:12Z">
          <reporter-output>
          </reporter-output>
        </test-method> <!-- verifyContactPage -->
        <test-method status="PASS" signature="tearDown()[pri:0, instance:com.amazon.test1.ContactsTest@68837a77]" name="tearDown" is-config="true" duration-ms="940" started-at="2018-05-20T07:28:12Z" finished-at="2018-05-20T07:28:13Z">
          <reporter-output>
          </reporter-output>
        </test-method> <!-- tearDown -->
      </class> <!-- com.amazon.test1.ContactsTest -->
      <class name="com.amazon.test1.HomePageTest">
        <test-method status="PASS" signature="loginBeforeTest()[pri:0, instance:com.amazon.test1.HomePageTest@3567135c]" name="loginBeforeTest" is-config="true" duration-ms="14438" started-at="2018-05-20T07:28:51Z" finished-at="2018-05-20T07:29:05Z">
          <reporter-output>
          </reporter-output>
        </test-method> <!-- loginBeforeTest -->
        <test-method status="PASS" signature="TimeBeforeMethod()[pri:0, instance:com.amazon.test1.HomePageTest@3567135c]" name="TimeBeforeMethod" is-config="true" duration-ms="7" started-at="2018-05-20T07:29:05Z" finished-at="2018-05-20T07:29:05Z">
          <reporter-output>
          </reporter-output>
        </test-method> <!-- TimeBeforeMethod -->
        <test-method status="FAIL" signature="setUp()[pri:0, instance:com.amazon.test1.HomePageTest@3567135c]" name="setUp" is-config="true" duration-ms="1" started-at="2018-05-20T07:29:05Z" finished-at="2018-05-20T07:29:05Z">
          <exception class="java.lang.NullPointerException">
            <full-stacktrace>
              <![CDATA[java.lang.NullPointerException
at com.amazon.test1.HomePageTest.setUp(HomePageTest.java:23)
at sun.reflect.NativeMethodAccessorImpl.invoke0(Native Method)
at sun.reflect.NativeMethodAccessorImpl.invoke(NativeMethodAccessorImpl.java:62)
at sun.reflect.DelegatingMethodAccessorImpl.invoke(DelegatingMethodAccessorImpl.java:43)
at java.lang.reflect.Method.invoke(Method.java:498)
at org.testng.internal.MethodInvocationHelper.invokeMethod(MethodInvocationHelper.java:124)
at org.testng.internal.MethodInvocationHelper.invokeMethodConsideringTimeout(MethodInvocationHelper.java:59)
at org.testng.internal.Invoker.invokeConfigurationMethod(Invoker.java:455)
at org.testng.internal.Invoker.invokeConfigurations(Invoker.java:222)
at org.testng.internal.Invoker.invokeMethod(Invoker.java:520)
at org.testng.internal.Invoker.invokeTestMethod(Invoker.java:716)
at org.testng.internal.Invoker.invokeTestMethods(Invoker.java:988)
at org.testng.internal.TestMethodWorker.invokeTestMethods(TestMethodWorker.java:125)
at org.testng.internal.TestMethodWorker.run(TestMethodWorker.java:109)
at org.testng.TestRunner.privateRun(TestRunner.java:648)
at org.testng.TestRunner.run(TestRunner.java:505)
at org.testng.SuiteRunner.runTest(SuiteRunner.java:455)
at org.testng.SuiteRunner.runSequentially(SuiteRunner.java:450)
at org.testng.SuiteRunner.privateRun(SuiteRunner.java:415)
at org.testng.SuiteRunner.run(SuiteRunner.java:364)
at org.testng.SuiteRunnerWorker.runSuite(SuiteRunnerWorker.java:52)
at org.testng.SuiteRunnerWorker.run(SuiteRunnerWorker.java:84)
at org.testng.TestNG.runSuitesSequentially(TestNG.java:1208)
at org.testng.TestNG.runSuitesLocally(TestNG.java:1137)
at org.testng.TestNG.runSuites(TestNG.java:1049)
at org.testng.TestNG.run(TestNG.java:1017)
at org.apache.maven.surefire.testng.TestNGExecutor.run(TestNGExecutor.java:77)
at org.apache.maven.surefire.testng.TestNGDirectoryTestSuite.executeMulti(TestNGDirectoryTestSuite.java:159)
at org.apache.maven.surefire.testng.TestNGDirectoryTestSuite.execute(TestNGDirectoryTestSuite.java:99)
at org.apache.maven.surefire.testng.TestNGProvider.invoke(TestNGProvider.java:106)
at sun.reflect.NativeMethodAccessorImpl.invoke0(Native Method)
at sun.reflect.NativeMethodAccessorImpl.invoke(NativeMethodAccessorImpl.java:62)
at sun.reflect.DelegatingMethodAccessorImpl.invoke(DelegatingMethodAccessorImpl.java:43)
at java.lang.reflect.Method.invoke(Method.java:498)
at org.apache.maven.surefire.util.ReflectionUtils.invokeMethodWithArray(ReflectionUtils.java:189)
at org.apache.maven.surefire.booter.ProviderFactory$ProviderProxy.invoke(ProviderFactory.java:165)
at org.apache.maven.surefire.booter.ProviderFactory.invokeProvider(ProviderFactory.java:85)
at org.apache.maven.surefire.booter.ForkedBooter.runSuitesInProcess(ForkedBooter.java:115)
at org.apache.maven.surefire.booter.ForkedBooter.main(ForkedBooter.java:75)
]]>
            </full-stacktrace>
          </exception> <!-- java.lang.NullPointerException -->
          <reporter-output>
          </reporter-output>
        </test-method> <!-- setUp -->
        <test-method status="SKIP" signature="tearDown()[pri:0, instance:com.amazon.test1.HomePageTest@3567135c]" name="tearDown" is-config="true" duration-ms="0" started-at="2018-05-20T07:29:05Z" finished-at="2018-05-20T07:29:05Z">
          <reporter-output>
          </reporter-output>
        </test-method> <!-- tearDown -->
        <test-method status="SKIP" signature="verifyPageTitle()[pri:0, instance:com.amazon.test1.HomePageTest@3567135c]" name="verifyPageTitle" duration-ms="0" started-at="2018-05-20T07:29:05Z" finished-at="2018-05-20T07:29:05Z">
          <exception class="java.lang.NullPointerException">
            <full-stacktrace>
              <![CDATA[java.lang.NullPointerException
at com.amazon.test1.HomePageTest.setUp(HomePageTest.java:23)
at sun.reflect.NativeMethodAccessorImpl.invoke0(Native Method)
at sun.reflect.NativeMethodAccessorImpl.invoke(NativeMethodAccessorImpl.java:62)
at sun.reflect.DelegatingMethodAccessorImpl.invoke(DelegatingMethodAccessorImpl.java:43)
at java.lang.reflect.Method.invoke(Method.java:498)
at org.testng.internal.MethodInvocationHelper.invokeMethod(MethodInvocationHelper.java:124)
at org.testng.internal.MethodInvocationHelper.invokeMethodConsideringTimeout(MethodInvocationHelper.java:59)
at org.testng.internal.Invoker.invokeConfigurationMethod(Invoker.java:455)
at org.testng.internal.Invoker.invokeConfigurations(Invoker.java:222)
at org.testng.internal.Invoker.invokeMethod(Invoker.java:520)
at org.testng.internal.Invoker.invokeTestMethod(Invoker.java:716)
at org.testng.internal.Invoker.invokeTestMethods(Invoker.java:988)
at org.testng.internal.TestMethodWorker.invokeTestMethods(TestMethodWorker.java:125)
at org.testng.internal.TestMethodWorker.run(TestMethodWorker.java:109)
at org.testng.TestRunner.privateRun(TestRunner.java:648)
at org.testng.TestRunner.run(TestRunner.java:505)
at org.testng.SuiteRunner.runTest(SuiteRunner.java:455)
at org.testng.SuiteRunner.runSequentially(SuiteRunner.java:450)
at org.testng.SuiteRunner.privateRun(SuiteRunner.java:415)
at org.testng.SuiteRunner.run(SuiteRunner.java:364)
at org.testng.SuiteRunnerWorker.runSuite(SuiteRunnerWorker.java:52)
at org.testng.SuiteRunnerWorker.run(SuiteRunnerWorker.java:84)
at org.testng.TestNG.runSuitesSequentially(TestNG.java:1208)
at org.testng.TestNG.runSuitesLocally(TestNG.java:1137)
at org.testng.TestNG.runSuites(TestNG.java:1049)
at org.testng.TestNG.run(TestNG.java:1017)
at org.apache.maven.surefire.testng.TestNGExecutor.run(TestNGExecutor.java:77)
at org.apache.maven.surefire.testng.TestNGDirectoryTestSuite.executeMulti(TestNGDirectoryTestSuite.java:159)
at org.apache.maven.surefire.testng.TestNGDirectoryTestSuite.execute(TestNGDirectoryTestSuite.java:99)
at org.apache.maven.surefire.testng.TestNGProvider.invoke(TestNGProvider.java:106)
at sun.reflect.NativeMethodAccessorImpl.invoke0(Native Method)
at sun.reflect.NativeMethodAccessorImpl.invoke(NativeMethodAccessorImpl.java:62)
at sun.reflect.DelegatingMethodAccessorImpl.invoke(DelegatingMethodAccessorImpl.java:43)
at java.lang.reflect.Method.invoke(Method.java:498)
at org.apache.maven.surefire.util.ReflectionUtils.invokeMethodWithArray(ReflectionUtils.java:189)
at org.apache.maven.surefire.booter.ProviderFactory$ProviderProxy.invoke(ProviderFactory.java:165)
at org.apache.maven.surefire.booter.ProviderFactory.invokeProvider(ProviderFactory.java:85)
at org.apache.maven.surefire.booter.ForkedBooter.runSuitesInProcess(ForkedBooter.java:115)
at org.apache.maven.surefire.booter.ForkedBooter.main(ForkedBooter.java:75)
]]>
            </full-stacktrace>
          </exception> <!-- java.lang.NullPointerException -->
          <reporter-output>
          </reporter-output>
        </test-method> <!-- verifyPageTitle -->
      </class> <!-- com.amazon.test1.HomePageTest -->
      <class name="com.amazon.test1.MyAccountPageTest">
        <test-method status="SKIP" signature="loginBeforeTest()[pri:0, instance:com.amazon.test1.MyAccountPageTest@327471b5]" name="loginBeforeTest" is-config="true" duration-ms="0" started-at="2018-05-20T07:29:05Z" finished-at="2018-05-20T07:29:05Z">
          <reporter-output>
          </reporter-output>
        </test-method> <!-- loginBeforeTest -->
        <test-method status="SKIP" signature="TimeBeforeMethod()[pri:0, instance:com.amazon.test1.MyAccountPageTest@327471b5]" name="TimeBeforeMethod" is-config="true" duration-ms="0" started-at="2018-05-20T07:29:05Z" finished-at="2018-05-20T07:29:05Z">
          <reporter-output>
          </reporter-output>
        </test-method> <!-- TimeBeforeMethod -->
        <test-method status="SKIP" signature="tearDown()[pri:0, instance:com.amazon.test1.MyAccountPageTest@327471b5]" name="tearDown" is-config="true" duration-ms="0" started-at="2018-05-20T07:29:05Z" finished-at="2018-05-20T07:29:05Z">
          <reporter-output>
          </reporter-output>
        </test-method> <!-- tearDown -->
        <test-method status="SKIP" signature="LoginApp()[pri:0, instance:com.amazon.test1.MyAccountPageTest@327471b5]" name="LoginApp" duration-ms="0" started-at="2018-05-20T07:29:05Z" finished-at="2018-05-20T07:29:05Z">
          <exception class="java.lang.NullPointerException">
            <full-stacktrace>
              <![CDATA[java.lang.NullPointerException
at com.amazon.test1.HomePageTest.setUp(HomePageTest.java:23)
at sun.reflect.NativeMethodAccessorImpl.invoke0(Native Method)
at sun.reflect.NativeMethodAccessorImpl.invoke(NativeMethodAccessorImpl.java:62)
at sun.reflect.DelegatingMethodAccessorImpl.invoke(DelegatingMethodAccessorImpl.java:43)
at java.lang.reflect.Method.invoke(Method.java:498)
at org.testng.internal.MethodInvocationHelper.invokeMethod(MethodInvocationHelper.java:124)
at org.testng.internal.MethodInvocationHelper.invokeMethodConsideringTimeout(MethodInvocationHelper.java:59)
at org.testng.internal.Invoker.invokeConfigurationMethod(Invoker.java:455)
at org.testng.internal.Invoker.invokeConfigurations(Invoker.java:222)
at org.testng.internal.Invoker.invokeMethod(Invoker.java:520)
at org.testng.internal.Invoker.invokeTestMethod(Invoker.java:716)
at org.testng.internal.Invoker.invokeTestMethods(Invoker.java:988)
at org.testng.internal.TestMethodWorker.invokeTestMethods(TestMethodWorker.java:125)
at org.testng.internal.TestMethodWorker.run(TestMethodWorker.java:109)
at org.testng.TestRunner.privateRun(TestRunner.java:648)
at org.testng.TestRunner.run(TestRunner.java:505)
at org.testng.SuiteRunner.runTest(SuiteRunner.java:455)
at org.testng.SuiteRunner.runSequentially(SuiteRunner.java:450)
at org.testng.SuiteRunner.privateRun(SuiteRunner.java:415)
at org.testng.SuiteRunner.run(SuiteRunner.java:364)
at org.testng.SuiteRunnerWorker.runSuite(SuiteRunnerWorker.java:52)
at org.testng.SuiteRunnerWorker.run(SuiteRunnerWorker.java:84)
at org.testng.TestNG.runSuitesSequentially(TestNG.java:1208)
at org.testng.TestNG.runSuitesLocally(TestNG.java:1137)
at org.testng.TestNG.runSuites(TestNG.java:1049)
at org.testng.TestNG.run(TestNG.java:1017)
at org.apache.maven.surefire.testng.TestNGExecutor.run(TestNGExecutor.java:77)
at org.apache.maven.surefire.testng.TestNGDirectoryTestSuite.executeMulti(TestNGDirectoryTestSuite.java:159)
at org.apache.maven.surefire.testng.TestNGDirectoryTestSuite.execute(TestNGDirectoryTestSuite.java:99)
at org.apache.maven.surefire.testng.TestNGProvider.invoke(TestNGProvider.java:106)
at sun.reflect.NativeMethodAccessorImpl.invoke0(Native Method)
at sun.reflect.NativeMethodAccessorImpl.invoke(NativeMethodAccessorImpl.java:62)
at sun.reflect.DelegatingMethodAccessorImpl.invoke(DelegatingMethodAccessorImpl.java:43)
at java.lang.reflect.Method.invoke(Method.java:498)
at org.apache.maven.surefire.util.ReflectionUtils.invokeMethodWithArray(ReflectionUtils.java:189)
at org.apache.maven.surefire.booter.ProviderFactory$ProviderProxy.invoke(ProviderFactory.java:165)
at org.apache.maven.surefire.booter.ProviderFactory.invokeProvider(ProviderFactory.java:85)
at org.apache.maven.surefire.booter.ForkedBooter.runSuitesInProcess(ForkedBooter.java:115)
at org.apache.maven.surefire.booter.ForkedBooter.main(ForkedBooter.java:75)
]]>
            </full-stacktrace>
          </exception> <!-- java.lang.NullPointerException -->
          <reporter-output>
          </reporter-output>
        </test-method> <!-- LoginApp -->
      </class> <!-- com.amazon.test1.MyAccountPageTest -->
      <class name="com.amazon.test1.CrmTest">
        <test-method status="PASS" signature="loginBeforeTest()[pri:0, instance:com.amazon.test1.CrmTest@6be46e8f]" name="loginBeforeTest" is-config="true" duration-ms="13237" started-at="2018-05-20T07:28:13Z" finished-at="2018-05-20T07:28:27Z">
          <reporter-output>
          </reporter-output>
        </test-method> <!-- loginBeforeTest -->
        <test-method status="PASS" signature="TimeBeforeMethod()[pri:0, instance:com.amazon.test1.CrmTest@6be46e8f]" name="TimeBeforeMethod" is-config="true" duration-ms="7" started-at="2018-05-20T07:28:27Z" finished-at="2018-05-20T07:28:27Z">
          <reporter-output>
          </reporter-output>
        </test-method> <!-- TimeBeforeMethod -->
        <test-method status="PASS" signature="CrmLoginToApp()[pri:0, instance:com.amazon.test1.CrmTest@6be46e8f]" name="CrmLoginToApp" duration-ms="23465" started-at="2018-05-20T07:28:27Z" finished-at="2018-05-20T07:28:50Z">
          <reporter-output>
          </reporter-output>
        </test-method> <!-- CrmLoginToApp -->
        <test-method status="PASS" signature="tearDown()[pri:0, instance:com.amazon.test1.CrmTest@6be46e8f]" name="tearDown" is-config="true" duration-ms="738" started-at="2018-05-20T07:28:50Z" finished-at="2018-05-20T07:28:51Z">
          <reporter-output>
          </reporter-output>
        </test-method> <!-- tearDown -->
      </class> <!-- com.amazon.test1.CrmTest -->
    </test> <!-- Command line test -->
  </suite> <!-- Command line suite -->
</testng-results>
