<?xml version="1.0" encoding="UTF-8"?>
<testng-results skipped="0" failed="0" ignored="0" total="2" passed="2">
  <reporter-output>
  </reporter-output>
  <suite name="Free CRM APPLICATION TEST AUTOMATION" duration-ms="117561" started-at="2018-05-20T07:12:32Z" finished-at="2018-05-20T07:14:30Z">
    <groups>
    </groups>
    <test name="Free CRM Appl Test Cases" duration-ms="117561" started-at="2018-05-20T07:12:32Z" finished-at="2018-05-20T07:14:30Z">
      <class name="com.amazon.test1.ContactsTest">
        <test-method status="PASS" signature="loginBeforeTest()[pri:0, instance:com.amazon.test1.ContactsTest@42e26948]" name="loginBeforeTest" is-config="true" duration-ms="37246" started-at="2018-05-20T07:12:32Z" finished-at="2018-05-20T07:13:09Z">
          <reporter-output>
          </reporter-output>
        </test-method> <!-- loginBeforeTest -->
        <test-method status="PASS" signature="TimeBeforeMethod()[pri:0, instance:com.amazon.test1.ContactsTest@42e26948]" name="TimeBeforeMethod" is-config="true" duration-ms="17" started-at="2018-05-20T07:13:10Z" finished-at="2018-05-20T07:13:10Z">
          <reporter-output>
          </reporter-output>
        </test-method> <!-- TimeBeforeMethod -->
        <test-method status="PASS" signature="verifyContactPage()[pri:0, instance:com.amazon.test1.ContactsTest@42e26948]" name="verifyContactPage" duration-ms="34750" started-at="2018-05-20T07:13:10Z" finished-at="2018-05-20T07:13:44Z">
          <reporter-output>
          </reporter-output>
        </test-method> <!-- verifyContactPage -->
        <test-method status="PASS" signature="tearDown()[pri:0, instance:com.amazon.test1.ContactsTest@42e26948]" name="tearDown" is-config="true" duration-ms="871" started-at="2018-05-20T07:13:44Z" finished-at="2018-05-20T07:13:45Z">
          <reporter-output>
          </reporter-output>
        </test-method> <!-- tearDown -->
      </class> <!-- com.amazon.test1.ContactsTest -->
      <class name="com.amazon.test1.CrmTest">
        <test-method status="PASS" signature="loginBeforeTest()[pri:0, instance:com.amazon.test1.CrmTest@57baeedf]" name="loginBeforeTest" is-config="true" duration-ms="13166" started-at="2018-05-20T07:13:45Z" finished-at="2018-05-20T07:13:58Z">
          <reporter-output>
          </reporter-output>
        </test-method> <!-- loginBeforeTest -->
        <test-method status="PASS" signature="TimeBeforeMethod()[pri:0, instance:com.amazon.test1.CrmTest@57baeedf]" name="TimeBeforeMethod" is-config="true" duration-ms="7" started-at="2018-05-20T07:13:58Z" finished-at="2018-05-20T07:13:58Z">
          <reporter-output>
          </reporter-output>
        </test-method> <!-- TimeBeforeMethod -->
        <test-method status="PASS" signature="CrmLoginToApp()[pri:0, instance:com.amazon.test1.CrmTest@57baeedf]" name="CrmLoginToApp" duration-ms="30587" started-at="2018-05-20T07:13:58Z" finished-at="2018-05-20T07:14:29Z">
          <reporter-output>
          </reporter-output>
        </test-method> <!-- CrmLoginToApp -->
        <test-method status="PASS" signature="tearDown()[pri:0, instance:com.amazon.test1.CrmTest@57baeedf]" name="tearDown" is-config="true" duration-ms="833" started-at="2018-05-20T07:14:29Z" finished-at="2018-05-20T07:14:30Z">
          <reporter-output>
          </reporter-output>
        </test-method> <!-- tearDown -->
      </class> <!-- com.amazon.test1.CrmTest -->
    </test> <!-- Free CRM Appl Test Cases -->
  </suite> <!-- Free CRM APPLICATION TEST AUTOMATION -->
</testng-results>
